<?xml version="1.0" encoding="UTF-8"?>
<testng-results ignored="0" total="1" passed="1" failed="0" skipped="0">
  <reporter-output>
  </reporter-output>
  <suite started-at="2023-06-02T11:04:42 IST" name="Default suite" finished-at="2023-06-02T11:05:02 IST" duration-ms="20876">
    <groups>
    </groups>
    <test started-at="2023-06-02T11:04:42 IST" name="Default test" finished-at="2023-06-02T11:05:02 IST" duration-ms="20876">
      <class name="LaunchBrowser">
        <test-method signature="launchBrowser()[pri:0, instance:LaunchBrowser@7a419da4]" started-at="2023-06-02T11:04:42 IST" name="launchBrowser" finished-at="2023-06-02T11:05:02 IST" duration-ms="20837" status="PASS">
          <reporter-output>
          </reporter-output>
        </test-method> <!-- launchBrowser -->
      </class> <!-- LaunchBrowser -->
    </test> <!-- Default test -->
  </suite> <!-- Default suite -->
</testng-results>
